Analysis & Synthesis report for CPUProject
Tue Feb 09 15:17:26 2021
Quartus II 64-Bit Version 13.0.1 Build 232 06/12/2013 Service Pack 1 SJ Web Edition


---------------------
; Table of Contents ;
---------------------
  1. Legal Notice
  2. Analysis & Synthesis Summary
  3. Analysis & Synthesis Settings
  4. Parallel Compilation
  5. Analysis & Synthesis IP Cores Summary
  6. Analysis & Synthesis Messages
  7. Analysis & Synthesis Suppressed Messages



----------------
; Legal Notice ;
----------------
Copyright (C) 1991-2013 Altera Corporation
Your use of Altera Corporation's design tools, logic functions 
and other software and tools, and its AMPP partner logic 
functions, and any output files from any of the foregoing 
(including device programming or simulation files), and any 
associated documentation or information are expressly subject 
to the terms and conditions of the Altera Program License 
Subscription Agreement, Altera MegaCore Function License 
Agreement, or other applicable license agreement, including, 
without limitation, that your use is for the sole purpose of 
programming logic devices manufactured by Altera and sold by 
Altera or its authorized distributors.  Please refer to the 
applicable agreement for further details.



+--------------------------------------------------------------------------------------+
; Analysis & Synthesis Summary                                                         ;
+------------------------------------+-------------------------------------------------+
; Analysis & Synthesis Status        ; Failed - Tue Feb 09 15:17:26 2021               ;
; Quartus II 64-Bit Version          ; 13.0.1 Build 232 06/12/2013 SP 1 SJ Web Edition ;
; Revision Name                      ; CPUProject                                      ;
; Top-level Entity Name              ; CPUProject                                      ;
; Family                             ; Cyclone IV GX                                   ;
; Total logic elements               ; N/A until Partition Merge                       ;
;     Total combinational functions  ; N/A until Partition Merge                       ;
;     Dedicated logic registers      ; N/A until Partition Merge                       ;
; Total registers                    ; N/A until Partition Merge                       ;
; Total pins                         ; N/A until Partition Merge                       ;
; Total virtual pins                 ; N/A until Partition Merge                       ;
; Total memory bits                  ; N/A until Partition Merge                       ;
; Embedded Multiplier 9-bit elements ; N/A until Partition Merge                       ;
; Total GXB Receiver Channel PCS     ; N/A until Partition Merge                       ;
; Total GXB Receiver Channel PMA     ; N/A until Partition Merge                       ;
; Total GXB Transmitter Channel PCS  ; N/A until Partition Merge                       ;
; Total GXB Transmitter Channel PMA  ; N/A until Partition Merge                       ;
; Total PLLs                         ; N/A until Partition Merge                       ;
+------------------------------------+-------------------------------------------------+


+----------------------------------------------------------------------------------------------------------------------+
; Analysis & Synthesis Settings                                                                                        ;
+----------------------------------------------------------------------------+--------------------+--------------------+
; Option                                                                     ; Setting            ; Default Value      ;
+----------------------------------------------------------------------------+--------------------+--------------------+
; Top-level entity name                                                      ; CPUProject         ; CPUProject         ;
; Family name                                                                ; Cyclone IV GX      ; Cyclone IV GX      ;
; Use smart compilation                                                      ; Off                ; Off                ;
; Enable parallel Assembler and TimeQuest Timing Analyzer during compilation ; On                 ; On                 ;
; Enable compact report table                                                ; Off                ; Off                ;
; Restructure Multiplexers                                                   ; Auto               ; Auto               ;
; Create Debugging Nodes for IP Cores                                        ; Off                ; Off                ;
; Preserve fewer node names                                                  ; On                 ; On                 ;
; Disable OpenCore Plus hardware evaluation                                  ; Off                ; Off                ;
; Verilog Version                                                            ; Verilog_2001       ; Verilog_2001       ;
; VHDL Version                                                               ; VHDL_1993          ; VHDL_1993          ;
; State Machine Processing                                                   ; Auto               ; Auto               ;
; Safe State Machine                                                         ; Off                ; Off                ;
; Extract Verilog State Machines                                             ; On                 ; On                 ;
; Extract VHDL State Machines                                                ; On                 ; On                 ;
; Ignore Verilog initial constructs                                          ; Off                ; Off                ;
; Iteration limit for constant Verilog loops                                 ; 5000               ; 5000               ;
; Iteration limit for non-constant Verilog loops                             ; 250                ; 250                ;
; Add Pass-Through Logic to Inferred RAMs                                    ; On                 ; On                 ;
; Infer RAMs from Raw Logic                                                  ; On                 ; On                 ;
; Parallel Synthesis                                                         ; On                 ; On                 ;
; DSP Block Balancing                                                        ; Auto               ; Auto               ;
; NOT Gate Push-Back                                                         ; On                 ; On                 ;
; Power-Up Don't Care                                                        ; On                 ; On                 ;
; Remove Redundant Logic Cells                                               ; Off                ; Off                ;
; Remove Duplicate Registers                                                 ; On                 ; On                 ;
; Ignore CARRY Buffers                                                       ; Off                ; Off                ;
; Ignore CASCADE Buffers                                                     ; Off                ; Off                ;
; Ignore GLOBAL Buffers                                                      ; Off                ; Off                ;
; Ignore ROW GLOBAL Buffers                                                  ; Off                ; Off                ;
; Ignore LCELL Buffers                                                       ; Off                ; Off                ;
; Ignore SOFT Buffers                                                        ; On                 ; On                 ;
; Limit AHDL Integers to 32 Bits                                             ; Off                ; Off                ;
; Optimization Technique                                                     ; Balanced           ; Balanced           ;
; Carry Chain Length                                                         ; 70                 ; 70                 ;
; Auto Carry Chains                                                          ; On                 ; On                 ;
; Auto Open-Drain Pins                                                       ; On                 ; On                 ;
; Perform WYSIWYG Primitive Resynthesis                                      ; Off                ; Off                ;
; Auto ROM Replacement                                                       ; On                 ; On                 ;
; Auto RAM Replacement                                                       ; On                 ; On                 ;
; Auto DSP Block Replacement                                                 ; On                 ; On                 ;
; Auto Shift Register Replacement                                            ; Auto               ; Auto               ;
; Allow Shift Register Merging across Hierarchies                            ; Auto               ; Auto               ;
; Auto Clock Enable Replacement                                              ; On                 ; On                 ;
; Strict RAM Replacement                                                     ; Off                ; Off                ;
; Allow Synchronous Control Signals                                          ; On                 ; On                 ;
; Force Use of Synchronous Clear Signals                                     ; Off                ; Off                ;
; Auto RAM Block Balancing                                                   ; On                 ; On                 ;
; Auto RAM to Logic Cell Conversion                                          ; Off                ; Off                ;
; Auto Resource Sharing                                                      ; Off                ; Off                ;
; Allow Any RAM Size For Recognition                                         ; Off                ; Off                ;
; Allow Any ROM Size For Recognition                                         ; Off                ; Off                ;
; Allow Any Shift Register Size For Recognition                              ; Off                ; Off                ;
; Use LogicLock Constraints during Resource Balancing                        ; On                 ; On                 ;
; Ignore translate_off and synthesis_off directives                          ; Off                ; Off                ;
; Timing-Driven Synthesis                                                    ; On                 ; On                 ;
; Report Parameter Settings                                                  ; On                 ; On                 ;
; Report Source Assignments                                                  ; On                 ; On                 ;
; Report Connectivity Checks                                                 ; On                 ; On                 ;
; Ignore Maximum Fan-Out Assignments                                         ; Off                ; Off                ;
; Synchronization Register Chain Length                                      ; 2                  ; 2                  ;
; PowerPlay Power Optimization                                               ; Normal compilation ; Normal compilation ;
; HDL message level                                                          ; Level2             ; Level2             ;
; Suppress Register Optimization Related Messages                            ; Off                ; Off                ;
; Number of Removed Registers Reported in Synthesis Report                   ; 5000               ; 5000               ;
; Number of Swept Nodes Reported in Synthesis Report                         ; 5000               ; 5000               ;
; Number of Inverted Registers Reported in Synthesis Report                  ; 100                ; 100                ;
; Clock MUX Protection                                                       ; On                 ; On                 ;
; Auto Gated Clock Conversion                                                ; Off                ; Off                ;
; Block Design Naming                                                        ; Auto               ; Auto               ;
; SDC constraint protection                                                  ; Off                ; Off                ;
; Synthesis Effort                                                           ; Auto               ; Auto               ;
; Shift Register Replacement - Allow Asynchronous Clear Signal               ; On                 ; On                 ;
; Pre-Mapping Resynthesis Optimization                                       ; Off                ; Off                ;
; Analysis & Synthesis Message Level                                         ; Medium             ; Medium             ;
; Disable Register Merging Across Hierarchies                                ; Auto               ; Auto               ;
; Resource Aware Inference For Block RAM                                     ; On                 ; On                 ;
; Synthesis Seed                                                             ; 1                  ; 1                  ;
+----------------------------------------------------------------------------+--------------------+--------------------+


Parallel compilation was disabled, but you have multiple processors available. Enable parallel compilation to reduce compilation time.
+-------------------------------------+
; Parallel Compilation                ;
+----------------------------+--------+
; Processors                 ; Number ;
+----------------------------+--------+
; Number detected on machine ; 4      ;
; Maximum allowed            ; 1      ;
+----------------------------+--------+


+--------------------------------------------------------------------------------------------------------------------------------------------------------------------------------------------------------------+
; Analysis & Synthesis IP Cores Summary                                                                                                                                                                        ;
+--------+--------------+---------+--------------+--------------+-----------------------------------------+----------------------------------------------------------------------------------------------------+
; Vendor ; IP Core Name ; Version ; Release Date ; License Type ; Entity Instance                         ; IP Include File                                                                                    ;
+--------+--------------+---------+--------------+--------------+-----------------------------------------+----------------------------------------------------------------------------------------------------+
; Altera ; LPM_ADD_SUB  ; N/A     ; N/A          ; N/A          ; |CPUProject|PC_ADDER:inst               ; C:/Users/saee_/Desktop/ComputerArchitectureProject-CPU/src/PC_ADDER/PC_ADDER.v                     ;
; Altera ; LPM_MUX      ; 13.0    ; N/A          ; N/A          ; |CPUProject|PC_MUX:inst2                ; C:/Users/saee_/Desktop/ComputerArchitectureProject-CPU/src/PC_MUX/PC_MUX.v                         ;
; Altera ; LPM_CLSHIFT  ; 13.0    ; N/A          ; N/A          ; |CPUProject|JMP:inst4|SHIFT_5BIT:inst1  ; C:/Users/saee_/Desktop/ComputerArchitectureProject-CPU/src/JUMP/SHIFT/SHIFT_5BIT.v                 ;
; Altera ; LPM_CLSHIFT  ; 13.0    ; N/A          ; N/A          ; |CPUProject|JMP:inst4|SHIFT_5BIT:inst2  ; C:/Users/saee_/Desktop/ComputerArchitectureProject-CPU/src/JUMP/SHIFT/SHIFT_5BIT.v                 ;
; Altera ; LPM_CONSTANT ; 13.0    ; N/A          ; N/A          ; |CPUProject|JMP:inst4|CONSTANT:inst7    ; C:/Users/saee_/Desktop/ComputerArchitectureProject-CPU/src/JUMP/CONSTANT/CONSTANT.v                ;
; Altera ; LPM_CONSTANT ; 13.0    ; N/A          ; N/A          ; |CPUProject|JMP:inst4|CONSTANT_18:inst8 ; C:/Users/saee_/Desktop/ComputerArchitectureProject-CPU/src/JUMP/CONSTANT/CONSTANT_18.v             ;
; Altera ; LPM_ADD_SUB  ; 13.0    ; N/A          ; N/A          ; |CPUProject|JMP:inst4|ADD:inst10        ; C:/Users/saee_/Desktop/ComputerArchitectureProject-CPU/src/JUMP/ADD/ADD.v                          ;
; Altera ; LPM_MUX      ; N/A     ; N/A          ; N/A          ; |CPUProject|MULTIPLEXER:inst7           ; C:/Users/saee_/Desktop/ComputerArchitectureProject-CPU/src/MUX/MULTIPLEXER.v                       ;
; Altera ; ROM: 1-PORT  ; N/A     ; N/A          ; N/A          ; |CPUProject|INSTRUCTION_MEMORY:inst9    ; C:/Users/saee_/Desktop/ComputerArchitectureProject-CPU/src/INSTRUCTION_MEMORY/INSTRUCTION_MEMORY.v ;
; Altera ; LPM_ADD_SUB  ; N/A     ; N/A          ; N/A          ; |CPUProject|JUMP_ADDER:inst11           ; C:/Users/saee_/Desktop/ComputerArchitectureProject-CPU/src/PC_ADDER/JUMP_ADDER.v                   ;
; Altera ; LPM_CLSHIFT  ; N/A     ; N/A          ; N/A          ; |CPUProject|SHIFT2:inst14               ; C:/Users/saee_/Desktop/ComputerArchitectureProject-CPU/src/SHIFT2/SHIFT2.v                         ;
; Altera ; LPM_CONSTANT ; 13.0    ; N/A          ; N/A          ; |CPUProject|lpm_constant2:inst16        ; C:/Users/saee_/Desktop/ComputerArchitectureProject-CPU/src/SHIFT2/lpm_constant2.v                  ;
; Altera ; LPM_MUX      ; N/A     ; N/A          ; N/A          ; |CPUProject|MULTIPLEXER:inst17          ; C:/Users/saee_/Desktop/ComputerArchitectureProject-CPU/src/MUX/MULTIPLEXER.v                       ;
+--------+--------------+---------+--------------+--------------+-----------------------------------------+----------------------------------------------------------------------------------------------------+


+-------------------------------+
; Analysis & Synthesis Messages ;
+-------------------------------+
Info: *******************************************************************
Info: Running Quartus II 64-Bit Analysis & Synthesis
    Info: Version 13.0.1 Build 232 06/12/2013 Service Pack 1 SJ Web Edition
    Info: Processing started: Tue Feb 09 15:17:18 2021
Info: Command: quartus_map --read_settings_files=on --write_settings_files=off CPUProject -c CPUProject
Warning (125092): Tcl Script File src/JUMP/SHIFT/SHIFT.qip not found
    Info (125063): set_global_assignment -name QIP_FILE src/JUMP/SHIFT/SHIFT.qip
Warning (20028): Parallel compilation is not licensed and has been disabled
Info (12021): Found 1 design units, including 1 entities, in source file src/mux/multiplexer.v
    Info (12023): Found entity 1: MULTIPLEXER
Info (12021): Found 1 design units, including 1 entities, in source file src/shift2/shift2.v
    Info (12023): Found entity 1: SHIFT2
Info (12021): Found 1 design units, including 1 entities, in source file src/pc_adder/jump_adder.v
    Info (12023): Found entity 1: JUMP_ADDER
Info (12021): Found 1 design units, including 1 entities, in source file mult.v
    Info (12023): Found entity 1: MULT
Info (12021): Found 1 design units, including 1 entities, in source file div.v
    Info (12023): Found entity 1: DIV
Info (12021): Found 1 design units, including 1 entities, in source file cmp.v
    Info (12023): Found entity 1: CMP
Info (12021): Found 1 design units, including 1 entities, in source file adder_sub.v
    Info (12023): Found entity 1: ADDER_SUB
Info (12021): Found 1 design units, including 1 entities, in source file shift.v
    Info (12023): Found entity 1: SHIFT
Info (12021): Found 1 design units, including 1 entities, in source file rotate.v
    Info (12023): Found entity 1: ROTATE
Info (12021): Found 1 design units, including 1 entities, in source file src/pc_adder/pc_adder.v
    Info (12023): Found entity 1: PC_ADDER
Info (12021): Found 1 design units, including 1 entities, in source file src/instruction_memory/instruction_memory.v
    Info (12023): Found entity 1: INSTRUCTION_MEMORY
Info (12021): Found 1 design units, including 1 entities, in source file src/register_array/register_array.v
    Info (12023): Found entity 1: register_array
Info (12021): Found 1 design units, including 1 entities, in source file src/instruction_interpreter/instruction_interpreter.v
    Info (12023): Found entity 1: instruction_interpreter
Info (12021): Found 1 design units, including 1 entities, in source file cpuproject.bdf
    Info (12023): Found entity 1: CPUProject
Info (12021): Found 1 design units, including 1 entities, in source file src/fp_coprocessor/fp_coprocessor.bdf
    Info (12023): Found entity 1: FP_COPROCESSOR
Info (12021): Found 22 design units, including 22 entities, in source file src/fp_coprocessor/fp_add_sub/fp_add_sub.v
    Info (12023): Found entity 1: FP_ADD_SUB_altbarrel_shift_t8e
    Info (12023): Found entity 2: FP_ADD_SUB_altbarrel_shift_3cg
    Info (12023): Found entity 3: FP_ADD_SUB_altpriority_encoder_3e8
    Info (12023): Found entity 4: FP_ADD_SUB_altpriority_encoder_6e8
    Info (12023): Found entity 5: FP_ADD_SUB_altpriority_encoder_be8
    Info (12023): Found entity 6: FP_ADD_SUB_altpriority_encoder_3v7
    Info (12023): Found entity 7: FP_ADD_SUB_altpriority_encoder_6v7
    Info (12023): Found entity 8: FP_ADD_SUB_altpriority_encoder_bv7
    Info (12023): Found entity 9: FP_ADD_SUB_altpriority_encoder_uv8
    Info (12023): Found entity 10: FP_ADD_SUB_altpriority_encoder_ue9
    Info (12023): Found entity 11: FP_ADD_SUB_altpriority_encoder_ou8
    Info (12023): Found entity 12: FP_ADD_SUB_altpriority_encoder_nh8
    Info (12023): Found entity 13: FP_ADD_SUB_altpriority_encoder_qh8
    Info (12023): Found entity 14: FP_ADD_SUB_altpriority_encoder_vh8
    Info (12023): Found entity 15: FP_ADD_SUB_altpriority_encoder_ii9
    Info (12023): Found entity 16: FP_ADD_SUB_altpriority_encoder_n28
    Info (12023): Found entity 17: FP_ADD_SUB_altpriority_encoder_q28
    Info (12023): Found entity 18: FP_ADD_SUB_altpriority_encoder_v28
    Info (12023): Found entity 19: FP_ADD_SUB_altpriority_encoder_i39
    Info (12023): Found entity 20: FP_ADD_SUB_altpriority_encoder_cna
    Info (12023): Found entity 21: FP_ADD_SUB_altfp_add_sub_39n
    Info (12023): Found entity 22: FP_ADD_SUB
Info (12021): Found 2 design units, including 2 entities, in source file src/fp_coprocessor/fp_mult/fp_mult.v
    Info (12023): Found entity 1: FP_MULT_altfp_mult_bnq
    Info (12023): Found entity 2: FP_MULT
Info (12021): Found 3 design units, including 3 entities, in source file src/fp_coprocessor/fp_div/fp_div.v
    Info (12023): Found entity 1: FP_DIV_altfp_div_pst_39j
    Info (12023): Found entity 2: FP_DIV_altfp_div_oul
    Info (12023): Found entity 3: FP_DIV
Info (12021): Found 1 design units, including 1 entities, in source file src/fp_coprocessor/mux/fp_mux.v
    Info (12023): Found entity 1: FP_MUX
Info (12021): Found 1 design units, including 1 entities, in source file src/pc_mux/pc_mux.v
    Info (12023): Found entity 1: PC_MUX
Info (12021): Found 1 design units, including 1 entities, in source file src/jump/jmp.bdf
    Info (12023): Found entity 1: JMP
Info (12021): Found 1 design units, including 1 entities, in source file src/jump/constant/constant.v
    Info (12023): Found entity 1: CONSTANT
Info (12021): Found 1 design units, including 1 entities, in source file src/jump/shift/shift_16bit.v
    Info (12023): Found entity 1: SHIFT_16BIT
Info (12021): Found 1 design units, including 1 entities, in source file src/jump/constant/constant_18.v
    Info (12023): Found entity 1: CONSTANT_18
Info (12021): Found 1 design units, including 1 entities, in source file src/jump/add/add.v
    Info (12023): Found entity 1: ADD
Info (12021): Found 1 design units, including 1 entities, in source file src/jump/shift/shift_5bit.v
    Info (12023): Found entity 1: SHIFT_5BIT
Info (12021): Found 1 design units, including 1 entities, in source file src/shift2/lpm_constant2.v
    Info (12023): Found entity 1: lpm_constant2
Info (12127): Elaborating entity "CPUProject" for the top level hierarchy
Info (12128): Elaborating entity "PC_ADDER" for hierarchy "PC_ADDER:inst"
Info (12128): Elaborating entity "lpm_add_sub" for hierarchy "PC_ADDER:inst|lpm_add_sub:LPM_ADD_SUB_component"
Info (12130): Elaborated megafunction instantiation "PC_ADDER:inst|lpm_add_sub:LPM_ADD_SUB_component"
Info (12133): Instantiated megafunction "PC_ADDER:inst|lpm_add_sub:LPM_ADD_SUB_component" with the following parameter:
    Info (12134): Parameter "lpm_direction" = "ADD"
    Info (12134): Parameter "lpm_hint" = "ONE_INPUT_IS_CONSTANT=YES,CIN_USED=NO"
    Info (12134): Parameter "lpm_representation" = "SIGNED"
    Info (12134): Parameter "lpm_type" = "LPM_ADD_SUB"
    Info (12134): Parameter "lpm_width" = "32"
Info (12021): Found 1 design units, including 1 entities, in source file db/add_sub_mqh.tdf
    Info (12023): Found entity 1: add_sub_mqh
Info (12128): Elaborating entity "add_sub_mqh" for hierarchy "PC_ADDER:inst|lpm_add_sub:LPM_ADD_SUB_component|add_sub_mqh:auto_generated"
Info (12128): Elaborating entity "LPM_FF" for hierarchy "LPM_FF:PC"
Info (12130): Elaborated megafunction instantiation "LPM_FF:PC"
Info (12133): Instantiated megafunction "LPM_FF:PC" with the following parameter:
    Info (12134): Parameter "LPM_FFTYPE" = "DFF"
    Info (12134): Parameter "LPM_WIDTH" = "32"
Info (12128): Elaborating entity "instruction_interpreter" for hierarchy "instruction_interpreter:inst6"
Warning (10230): Verilog HDL assignment warning at INSTRUCTION_INTERPRETER.v(28): truncated value with size 32 to match size of target (1)
Warning (10230): Verilog HDL assignment warning at INSTRUCTION_INTERPRETER.v(29): truncated value with size 32 to match size of target (1)
Warning (10230): Verilog HDL assignment warning at INSTRUCTION_INTERPRETER.v(30): truncated value with size 32 to match size of target (1)
Warning (10230): Verilog HDL assignment warning at INSTRUCTION_INTERPRETER.v(33): truncated value with size 32 to match size of target (1)
Warning (10230): Verilog HDL assignment warning at INSTRUCTION_INTERPRETER.v(34): truncated value with size 32 to match size of target (1)
Warning (10230): Verilog HDL assignment warning at INSTRUCTION_INTERPRETER.v(35): truncated value with size 32 to match size of target (1)
Warning (10230): Verilog HDL assignment warning at INSTRUCTION_INTERPRETER.v(36): truncated value with size 32 to match size of target (1)
Warning (10270): Verilog HDL Case Statement warning at INSTRUCTION_INTERPRETER.v(123): incomplete case statement has no default case item
Warning (10240): Verilog HDL Always Construct warning at INSTRUCTION_INTERPRETER.v(38): inferring latch(es) for variable "reg3", which holds its previous value in one or more paths through the always construct
Warning (10240): Verilog HDL Always Construct warning at INSTRUCTION_INTERPRETER.v(38): inferring latch(es) for variable "reg1", which holds its previous value in one or more paths through the always construct
Warning (10240): Verilog HDL Always Construct warning at INSTRUCTION_INTERPRETER.v(38): inferring latch(es) for variable "reg2", which holds its previous value in one or more paths through the always construct
Warning (10240): Verilog HDL Always Construct warning at INSTRUCTION_INTERPRETER.v(38): inferring latch(es) for variable "s_r_amount", which holds its previous value in one or more paths through the always construct
Warning (10240): Verilog HDL Always Construct warning at INSTRUCTION_INTERPRETER.v(38): inferring latch(es) for variable "alu_opcode", which holds its previous value in one or more paths through the always construct
Warning (10240): Verilog HDL Always Construct warning at INSTRUCTION_INTERPRETER.v(38): inferring latch(es) for variable "jump_mux_signal", which holds its previous value in one or more paths through the always construct
Warning (10240): Verilog HDL Always Construct warning at INSTRUCTION_INTERPRETER.v(38): inferring latch(es) for variable "write_back_on_register_mux_signal", which holds its previous value in one or more paths through the always construct
Warning (10240): Verilog HDL Always Construct warning at INSTRUCTION_INTERPRETER.v(38): inferring latch(es) for variable "alu_input_mux_signal", which holds its previous value in one or more paths through the always construct
Warning (10240): Verilog HDL Always Construct warning at INSTRUCTION_INTERPRETER.v(38): inferring latch(es) for variable "im_data", which holds its previous value in one or more paths through the always construct
Info (10041): Inferred latch for "im_data[0]" at INSTRUCTION_INTERPRETER.v(43)
Info (10041): Inferred latch for "im_data[1]" at INSTRUCTION_INTERPRETER.v(43)
Info (10041): Inferred latch for "im_data[2]" at INSTRUCTION_INTERPRETER.v(43)
Info (10041): Inferred latch for "im_data[3]" at INSTRUCTION_INTERPRETER.v(43)
Info (10041): Inferred latch for "im_data[4]" at INSTRUCTION_INTERPRETER.v(43)
Info (10041): Inferred latch for "im_data[5]" at INSTRUCTION_INTERPRETER.v(43)
Info (10041): Inferred latch for "im_data[6]" at INSTRUCTION_INTERPRETER.v(43)
Info (10041): Inferred latch for "im_data[7]" at INSTRUCTION_INTERPRETER.v(43)
Info (10041): Inferred latch for "im_data[8]" at INSTRUCTION_INTERPRETER.v(43)
Info (10041): Inferred latch for "im_data[9]" at INSTRUCTION_INTERPRETER.v(43)
Info (10041): Inferred latch for "im_data[10]" at INSTRUCTION_INTERPRETER.v(43)
Info (10041): Inferred latch for "im_data[11]" at INSTRUCTION_INTERPRETER.v(43)
Info (10041): Inferred latch for "im_data[12]" at INSTRUCTION_INTERPRETER.v(43)
Info (10041): Inferred latch for "im_data[13]" at INSTRUCTION_INTERPRETER.v(43)
Info (10041): Inferred latch for "im_data[14]" at INSTRUCTION_INTERPRETER.v(43)
Info (10041): Inferred latch for "im_data[15]" at INSTRUCTION_INTERPRETER.v(43)
Info (10041): Inferred latch for "im_data[16]" at INSTRUCTION_INTERPRETER.v(43)
Info (10041): Inferred latch for "im_data[17]" at INSTRUCTION_INTERPRETER.v(43)
Info (10041): Inferred latch for "im_data[18]" at INSTRUCTION_INTERPRETER.v(43)
Info (10041): Inferred latch for "im_data[19]" at INSTRUCTION_INTERPRETER.v(43)
Info (10041): Inferred latch for "im_data[20]" at INSTRUCTION_INTERPRETER.v(43)
Info (10041): Inferred latch for "im_data[21]" at INSTRUCTION_INTERPRETER.v(43)
Info (10041): Inferred latch for "im_data[22]" at INSTRUCTION_INTERPRETER.v(43)
Info (10041): Inferred latch for "im_data[23]" at INSTRUCTION_INTERPRETER.v(43)
Info (10041): Inferred latch for "im_data[24]" at INSTRUCTION_INTERPRETER.v(43)
Info (10041): Inferred latch for "im_data[25]" at INSTRUCTION_INTERPRETER.v(43)
Info (10041): Inferred latch for "im_data[26]" at INSTRUCTION_INTERPRETER.v(43)
Info (10041): Inferred latch for "im_data[27]" at INSTRUCTION_INTERPRETER.v(43)
Info (10041): Inferred latch for "im_data[28]" at INSTRUCTION_INTERPRETER.v(43)
Info (10041): Inferred latch for "im_data[29]" at INSTRUCTION_INTERPRETER.v(43)
Info (10041): Inferred latch for "im_data[30]" at INSTRUCTION_INTERPRETER.v(43)
Info (10041): Inferred latch for "im_data[31]" at INSTRUCTION_INTERPRETER.v(43)
Info (10041): Inferred latch for "alu_input_mux_signal" at INSTRUCTION_INTERPRETER.v(43)
Info (10041): Inferred latch for "write_back_on_register_mux_signal" at INSTRUCTION_INTERPRETER.v(43)
Info (10041): Inferred latch for "jump_mux_signal[0]" at INSTRUCTION_INTERPRETER.v(43)
Info (10041): Inferred latch for "jump_mux_signal[1]" at INSTRUCTION_INTERPRETER.v(43)
Info (10041): Inferred latch for "alu_opcode[0]" at INSTRUCTION_INTERPRETER.v(43)
Info (10041): Inferred latch for "alu_opcode[1]" at INSTRUCTION_INTERPRETER.v(43)
Info (10041): Inferred latch for "alu_opcode[2]" at INSTRUCTION_INTERPRETER.v(43)
Info (10041): Inferred latch for "alu_opcode[3]" at INSTRUCTION_INTERPRETER.v(43)
Info (10041): Inferred latch for "alu_opcode[4]" at INSTRUCTION_INTERPRETER.v(43)
Info (10041): Inferred latch for "s_r_amount[0]" at INSTRUCTION_INTERPRETER.v(43)
Info (10041): Inferred latch for "s_r_amount[1]" at INSTRUCTION_INTERPRETER.v(43)
Info (10041): Inferred latch for "s_r_amount[2]" at INSTRUCTION_INTERPRETER.v(43)
Info (10041): Inferred latch for "s_r_amount[3]" at INSTRUCTION_INTERPRETER.v(43)
Info (10041): Inferred latch for "s_r_amount[4]" at INSTRUCTION_INTERPRETER.v(43)
Info (10041): Inferred latch for "reg2[0]" at INSTRUCTION_INTERPRETER.v(43)
Info (10041): Inferred latch for "reg2[1]" at INSTRUCTION_INTERPRETER.v(43)
Info (10041): Inferred latch for "reg2[2]" at INSTRUCTION_INTERPRETER.v(43)
Info (10041): Inferred latch for "reg2[3]" at INSTRUCTION_INTERPRETER.v(43)
Info (10041): Inferred latch for "reg2[4]" at INSTRUCTION_INTERPRETER.v(43)
Info (10041): Inferred latch for "reg1[0]" at INSTRUCTION_INTERPRETER.v(43)
Info (10041): Inferred latch for "reg1[1]" at INSTRUCTION_INTERPRETER.v(43)
Info (10041): Inferred latch for "reg1[2]" at INSTRUCTION_INTERPRETER.v(43)
Info (10041): Inferred latch for "reg1[3]" at INSTRUCTION_INTERPRETER.v(43)
Info (10041): Inferred latch for "reg1[4]" at INSTRUCTION_INTERPRETER.v(43)
Info (10041): Inferred latch for "reg3[0]" at INSTRUCTION_INTERPRETER.v(43)
Info (10041): Inferred latch for "reg3[1]" at INSTRUCTION_INTERPRETER.v(43)
Info (10041): Inferred latch for "reg3[2]" at INSTRUCTION_INTERPRETER.v(43)
Info (10041): Inferred latch for "reg3[3]" at INSTRUCTION_INTERPRETER.v(43)
Info (10041): Inferred latch for "reg3[4]" at INSTRUCTION_INTERPRETER.v(43)
Info (12128): Elaborating entity "INSTRUCTION_MEMORY" for hierarchy "INSTRUCTION_MEMORY:inst9"
Info (12128): Elaborating entity "altsyncram" for hierarchy "INSTRUCTION_MEMORY:inst9|altsyncram:altsyncram_component"
Info (12130): Elaborated megafunction instantiation "INSTRUCTION_MEMORY:inst9|altsyncram:altsyncram_component"
Info (12133): Instantiated megafunction "INSTRUCTION_MEMORY:inst9|altsyncram:altsyncram_component" with the following parameter:
    Info (12134): Parameter "address_aclr_a" = "CLEAR0"
    Info (12134): Parameter "clock_enable_input_a" = "BYPASS"
    Info (12134): Parameter "clock_enable_output_a" = "BYPASS"
    Info (12134): Parameter "init_file" = "instructionMemoryInstructions.mif"
    Info (12134): Parameter "intended_device_family" = "Cyclone IV GX"
    Info (12134): Parameter "lpm_type" = "altsyncram"
    Info (12134): Parameter "numwords_a" = "256"
    Info (12134): Parameter "operation_mode" = "ROM"
    Info (12134): Parameter "outdata_aclr_a" = "CLEAR0"
    Info (12134): Parameter "outdata_reg_a" = "UNREGISTERED"
    Info (12134): Parameter "widthad_a" = "8"
    Info (12134): Parameter "width_a" = "32"
    Info (12134): Parameter "width_byteena_a" = "1"
Info (12021): Found 1 design units, including 1 entities, in source file db/altsyncram_55b1.tdf
    Info (12023): Found entity 1: altsyncram_55b1
Info (12128): Elaborating entity "altsyncram_55b1" for hierarchy "INSTRUCTION_MEMORY:inst9|altsyncram:altsyncram_component|altsyncram_55b1:auto_generated"
Info (12128): Elaborating entity "PC_MUX" for hierarchy "PC_MUX:inst2"
Info (12128): Elaborating entity "lpm_mux" for hierarchy "PC_MUX:inst2|lpm_mux:LPM_MUX_component"
Info (12130): Elaborated megafunction instantiation "PC_MUX:inst2|lpm_mux:LPM_MUX_component"
Info (12133): Instantiated megafunction "PC_MUX:inst2|lpm_mux:LPM_MUX_component" with the following parameter:
    Info (12134): Parameter "lpm_size" = "4"
    Info (12134): Parameter "lpm_type" = "LPM_MUX"
    Info (12134): Parameter "lpm_width" = "32"
    Info (12134): Parameter "lpm_widths" = "2"
Info (12021): Found 1 design units, including 1 entities, in source file db/mux_o0d.tdf
    Info (12023): Found entity 1: mux_o0d
Info (12128): Elaborating entity "mux_o0d" for hierarchy "PC_MUX:inst2|lpm_mux:LPM_MUX_component|mux_o0d:auto_generated"
Info (12128): Elaborating entity "JUMP_ADDER" for hierarchy "JUMP_ADDER:inst11"
Info (12128): Elaborating entity "lpm_add_sub" for hierarchy "JUMP_ADDER:inst11|lpm_add_sub:LPM_ADD_SUB_component"
Info (12130): Elaborated megafunction instantiation "JUMP_ADDER:inst11|lpm_add_sub:LPM_ADD_SUB_component"
Info (12133): Instantiated megafunction "JUMP_ADDER:inst11|lpm_add_sub:LPM_ADD_SUB_component" with the following parameter:
    Info (12134): Parameter "lpm_direction" = "ADD"
    Info (12134): Parameter "lpm_hint" = "ONE_INPUT_IS_CONSTANT=NO,CIN_USED=NO"
    Info (12134): Parameter "lpm_representation" = "SIGNED"
    Info (12134): Parameter "lpm_type" = "LPM_ADD_SUB"
    Info (12134): Parameter "lpm_width" = "32"
Info (12021): Found 1 design units, including 1 entities, in source file db/add_sub_2nh.tdf
    Info (12023): Found entity 1: add_sub_2nh
Info (12128): Elaborating entity "add_sub_2nh" for hierarchy "JUMP_ADDER:inst11|lpm_add_sub:LPM_ADD_SUB_component|add_sub_2nh:auto_generated"
Info (12128): Elaborating entity "SHIFT2" for hierarchy "SHIFT2:inst14"
Info (12128): Elaborating entity "lpm_clshift" for hierarchy "SHIFT2:inst14|lpm_clshift:LPM_CLSHIFT_component"
Info (12130): Elaborated megafunction instantiation "SHIFT2:inst14|lpm_clshift:LPM_CLSHIFT_component"
Info (12133): Instantiated megafunction "SHIFT2:inst14|lpm_clshift:LPM_CLSHIFT_component" with the following parameter:
    Info (12134): Parameter "lpm_shifttype" = "LOGICAL"
    Info (12134): Parameter "lpm_type" = "LPM_CLSHIFT"
    Info (12134): Parameter "lpm_width" = "32"
    Info (12134): Parameter "lpm_widthdist" = "2"
Info (12021): Found 1 design units, including 1 entities, in source file db/lpm_clshift_rkb.tdf
    Info (12023): Found entity 1: lpm_clshift_rkb
Info (12128): Elaborating entity "lpm_clshift_rkb" for hierarchy "SHIFT2:inst14|lpm_clshift:LPM_CLSHIFT_component|lpm_clshift_rkb:auto_generated"
Info (12128): Elaborating entity "lpm_constant2" for hierarchy "lpm_constant2:inst16"
Info (12128): Elaborating entity "lpm_constant" for hierarchy "lpm_constant2:inst16|lpm_constant:LPM_CONSTANT_component"
Info (12130): Elaborated megafunction instantiation "lpm_constant2:inst16|lpm_constant:LPM_CONSTANT_component"
Info (12133): Instantiated megafunction "lpm_constant2:inst16|lpm_constant:LPM_CONSTANT_component" with the following parameter:
    Info (12134): Parameter "lpm_cvalue" = "2"
    Info (12134): Parameter "lpm_hint" = "ENABLE_RUNTIME_MOD=NO"
    Info (12134): Parameter "lpm_type" = "LPM_CONSTANT"
    Info (12134): Parameter "lpm_width" = "2"
Info (12128): Elaborating entity "register_array" for hierarchy "register_array:inst5"
Warning (10240): Verilog HDL Always Construct warning at REGISTER_ARRAY.v(26): inferring latch(es) for variable "i", which holds its previous value in one or more paths through the always construct
Info (12128): Elaborating entity "MULTIPLEXER" for hierarchy "MULTIPLEXER:inst17"
Info (12128): Elaborating entity "lpm_mux" for hierarchy "MULTIPLEXER:inst17|lpm_mux:LPM_MUX_component"
Info (12130): Elaborated megafunction instantiation "MULTIPLEXER:inst17|lpm_mux:LPM_MUX_component"
Info (12133): Instantiated megafunction "MULTIPLEXER:inst17|lpm_mux:LPM_MUX_component" with the following parameter:
    Info (12134): Parameter "lpm_size" = "2"
    Info (12134): Parameter "lpm_type" = "LPM_MUX"
    Info (12134): Parameter "lpm_width" = "32"
    Info (12134): Parameter "lpm_widths" = "1"
Info (12021): Found 1 design units, including 1 entities, in source file db/mux_l0d.tdf
    Info (12023): Found entity 1: mux_l0d
Info (12128): Elaborating entity "mux_l0d" for hierarchy "MULTIPLEXER:inst17|lpm_mux:LPM_MUX_component|mux_l0d:auto_generated"
Info (12128): Elaborating entity "JMP" for hierarchy "JMP:inst4"
Info (12128): Elaborating entity "ADD" for hierarchy "JMP:inst4|ADD:inst10"
Info (12128): Elaborating entity "lpm_add_sub" for hierarchy "JMP:inst4|ADD:inst10|lpm_add_sub:LPM_ADD_SUB_component"
Info (12130): Elaborated megafunction instantiation "JMP:inst4|ADD:inst10|lpm_add_sub:LPM_ADD_SUB_component"
Info (12133): Instantiated megafunction "JMP:inst4|ADD:inst10|lpm_add_sub:LPM_ADD_SUB_component" with the following parameter:
    Info (12134): Parameter "lpm_direction" = "ADD"
    Info (12134): Parameter "lpm_hint" = "ONE_INPUT_IS_CONSTANT=NO,CIN_USED=NO"
    Info (12134): Parameter "lpm_representation" = "UNSIGNED"
    Info (12134): Parameter "lpm_type" = "LPM_ADD_SUB"
    Info (12134): Parameter "lpm_width" = "32"
Info (12021): Found 1 design units, including 1 entities, in source file db/add_sub_5uh.tdf
    Info (12023): Found entity 1: add_sub_5uh
Info (12128): Elaborating entity "add_sub_5uh" for hierarchy "JMP:inst4|ADD:inst10|lpm_add_sub:LPM_ADD_SUB_component|add_sub_5uh:auto_generated"
Info (12128): Elaborating entity "SHIFT_5BIT" for hierarchy "JMP:inst4|SHIFT_5BIT:inst1"
Info (12128): Elaborating entity "lpm_clshift" for hierarchy "JMP:inst4|SHIFT_5BIT:inst1|lpm_clshift:LPM_CLSHIFT_component"
Info (12130): Elaborated megafunction instantiation "JMP:inst4|SHIFT_5BIT:inst1|lpm_clshift:LPM_CLSHIFT_component"
Info (12133): Instantiated megafunction "JMP:inst4|SHIFT_5BIT:inst1|lpm_clshift:LPM_CLSHIFT_component" with the following parameter:
    Info (12134): Parameter "lpm_shifttype" = "LOGICAL"
    Info (12134): Parameter "lpm_type" = "LPM_CLSHIFT"
    Info (12134): Parameter "lpm_width" = "32"
    Info (12134): Parameter "lpm_widthdist" = "5"
Info (12021): Found 1 design units, including 1 entities, in source file db/lpm_clshift_ukb.tdf
    Info (12023): Found entity 1: lpm_clshift_ukb
Info (12128): Elaborating entity "lpm_clshift_ukb" for hierarchy "JMP:inst4|SHIFT_5BIT:inst1|lpm_clshift:LPM_CLSHIFT_component|lpm_clshift_ukb:auto_generated"
Info (12128): Elaborating entity "CONSTANT_18" for hierarchy "JMP:inst4|CONSTANT_18:inst8"
Info (12128): Elaborating entity "lpm_constant" for hierarchy "JMP:inst4|CONSTANT_18:inst8|lpm_constant:LPM_CONSTANT_component"
Info (12130): Elaborated megafunction instantiation "JMP:inst4|CONSTANT_18:inst8|lpm_constant:LPM_CONSTANT_component"
Info (12133): Instantiated megafunction "JMP:inst4|CONSTANT_18:inst8|lpm_constant:LPM_CONSTANT_component" with the following parameter:
    Info (12134): Parameter "lpm_cvalue" = "18"
    Info (12134): Parameter "lpm_hint" = "ENABLE_RUNTIME_MOD=NO"
    Info (12134): Parameter "lpm_type" = "LPM_CONSTANT"
    Info (12134): Parameter "lpm_width" = "5"
Info (12128): Elaborating entity "CONSTANT" for hierarchy "JMP:inst4|CONSTANT:inst7"
Info (12128): Elaborating entity "lpm_constant" for hierarchy "JMP:inst4|CONSTANT:inst7|lpm_constant:LPM_CONSTANT_component"
Info (12130): Elaborated megafunction instantiation "JMP:inst4|CONSTANT:inst7|lpm_constant:LPM_CONSTANT_component"
Info (12133): Instantiated megafunction "JMP:inst4|CONSTANT:inst7|lpm_constant:LPM_CONSTANT_component" with the following parameter:
    Info (12134): Parameter "lpm_cvalue" = "2"
    Info (12134): Parameter "lpm_hint" = "ENABLE_RUNTIME_MOD=NO"
    Info (12134): Parameter "lpm_type" = "LPM_CONSTANT"
    Info (12134): Parameter "lpm_width" = "5"
Error (12006): Node instance "inst1" instantiates undefined entity "ALU"
Error (12006): Node instance "inst19" instantiates undefined entity "MAIN_MEMORY"
Error (12006): Node instance "inst" instantiates undefined entity "zero_extender"
Error (12006): Node instance "16" instantiates undefined entity "zero_extender"
Info (144001): Generated suppressed messages file C:/Users/saee_/Desktop/ComputerArchitectureProject-CPU/output_files/CPUProject.map.smsg
Error: Quartus II 64-Bit Analysis & Synthesis was unsuccessful. 4 errors, 20 warnings
    Error: Peak virtual memory: 4652 megabytes
    Error: Processing ended: Tue Feb 09 15:17:27 2021
    Error: Elapsed time: 00:00:09
    Error: Total CPU time (on all processors): 00:00:07


+------------------------------------------+
; Analysis & Synthesis Suppressed Messages ;
+------------------------------------------+
The suppressed messages can be found in C:/Users/saee_/Desktop/ComputerArchitectureProject-CPU/output_files/CPUProject.map.smsg.


